build/outputs/logs/manifest-merger-debug-report.txt
-- Merging decision tree log ---
manifest
ADDED from MixPanel-Shit/sample-android-mixpanel-integration/AndroidManifest.xml:10:1-112:12
INJECTED from MixPanel-Shit/sample-android-mixpanel-integration/AndroidManifest.xml:10:1-112:12
INJECTED from MixPanel-Shit/sample-android-mixpanel-integration/AndroidManifest.xml:10:1-112:12
INJECTED from MixPanel-Shit/sample-android-mixpanel-integration/AndroidManifest.xml:10:1-112:12
MERGED from [com.google.android.gms:play-services-gcm:10.0.1] AndroidManifest.xml:16:1-24:12
MERGED from [com.mixpanel.android:mixpanel-android:5.4.0] AndroidManifest.xml:2:1-108:12
MERGED from [com.google.android.gms:play-services-iid:10.0.1] AndroidManifest.xml:16:1-24:12
MERGED from [com.google.android.gms:play-services-base:10.0.1] AndroidManifest.xml:16:1-21:12
MERGED from [com.google.android.gms:play-services-tasks:10.0.1] AndroidManifest.xml:2:1-5:12
MERGED from [com.google.android.gms:play-services-basement:10.0.1] AndroidManifest.xml:16:1-23:12
MERGED from [com.android.support:support-v4:24.0.0] AndroidManifest.xml:17:1-27:12
INJECTED from MixPanel-Shit/sample-android-mixpanel-integration/AndroidManifest.xml:10:1-112:12
INJECTED from MixPanel-Shit/sample-android-mixpanel-integration/AndroidManifest.xml:10:1-112:12
INJECTED from MixPanel-Shit/sample-android-mixpanel-integration/AndroidManifest.xml:10:1-112:12
	package
		ADDED from MixPanel-Shit/sample-android-mixpanel-integration/AndroidManifest.xml:11:5-41
		INJECTED from MixPanel-Shit/sample-android-mixpanel-integration/AndroidManifest.xml
		INJECTED from MixPanel-Shit/sample-android-mixpanel-integration/AndroidManifest.xml
	android:versionName
		ADDED from MixPanel-Shit/sample-android-mixpanel-integration/AndroidManifest.xml:13:5-30
		INJECTED from MixPanel-Shit/sample-android-mixpanel-integration/AndroidManifest.xml
		INJECTED from MixPanel-Shit/sample-android-mixpanel-integration/AndroidManifest.xml
	xmlns:android
		ADDED from MixPanel-Shit/sample-android-mixpanel-integration/AndroidManifest.xml:10:11-69
	android:versionCode
		ADDED from MixPanel-Shit/sample-android-mixpanel-integration/AndroidManifest.xml:12:5-28
		INJECTED from MixPanel-Shit/sample-android-mixpanel-integration/AndroidManifest.xml
		INJECTED from MixPanel-Shit/sample-android-mixpanel-integration/AndroidManifest.xml
uses-permission#android.permission.INTERNET
ADDED from MixPanel-Shit/sample-android-mixpanel-integration/AndroidManifest.xml:18:5-67
MERGED from [com.google.android.gms:play-services-gcm:10.0.1] AndroidManifest.xml:21:5-66
MERGED from [com.google.android.gms:play-services-gcm:10.0.1] AndroidManifest.xml:21:5-66
MERGED from [com.mixpanel.android:mixpanel-android:5.4.0] AndroidManifest.xml:10:5-67
MERGED from [com.mixpanel.android:mixpanel-android:5.4.0] AndroidManifest.xml:10:5-67
MERGED from [com.google.android.gms:play-services-iid:10.0.1] AndroidManifest.xml:21:5-66
MERGED from [com.google.android.gms:play-services-iid:10.0.1] AndroidManifest.xml:21:5-66
	android:name
		ADDED from MixPanel-Shit/sample-android-mixpanel-integration/AndroidManifest.xml:18:22-64
uses-permission#android.permission.ACCESS_NETWORK_STATE
ADDED from MixPanel-Shit/sample-android-mixpanel-integration/AndroidManifest.xml:23:5-79
	android:name
		ADDED from MixPanel-Shit/sample-android-mixpanel-integration/AndroidManifest.xml:23:22-76
uses-permission#android.permission.BLUETOOTH
ADDED from MixPanel-Shit/sample-android-mixpanel-integration/AndroidManifest.xml:28:5-68
	android:name
		ADDED from MixPanel-Shit/sample-android-mixpanel-integration/AndroidManifest.xml:28:22-65
uses-permission#com.google.android.c2dm.permission.RECEIVE
ADDED from MixPanel-Shit/sample-android-mixpanel-integration/AndroidManifest.xml:34:5-82
MERGED from [com.google.android.gms:play-services-gcm:10.0.1] AndroidManifest.xml:20:5-81
MERGED from [com.google.android.gms:play-services-gcm:10.0.1] AndroidManifest.xml:20:5-81
MERGED from [com.google.android.gms:play-services-iid:10.0.1] AndroidManifest.xml:20:5-81
MERGED from [com.google.android.gms:play-services-iid:10.0.1] AndroidManifest.xml:20:5-81
	android:name
		ADDED from MixPanel-Shit/sample-android-mixpanel-integration/AndroidManifest.xml:34:22-79
uses-permission#android.permission.GET_ACCOUNTS
ADDED from MixPanel-Shit/sample-android-mixpanel-integration/AndroidManifest.xml:35:5-71
	android:name
		ADDED from MixPanel-Shit/sample-android-mixpanel-integration/AndroidManifest.xml:35:22-68
uses-permission#android.permission.WAKE_LOCK
ADDED from MixPanel-Shit/sample-android-mixpanel-integration/AndroidManifest.xml:36:5-68
	android:name
		ADDED from MixPanel-Shit/sample-android-mixpanel-integration/AndroidManifest.xml:36:22-65
permission#com.mixpanel.example.hello.permission.C2D_MESSAGE
ADDED from MixPanel-Shit/sample-android-mixpanel-integration/AndroidManifest.xml:46:5-120
	android:protectionLevel
		ADDED from MixPanel-Shit/sample-android-mixpanel-integration/AndroidManifest.xml:46:82-117
	android:name
		ADDED from MixPanel-Shit/sample-android-mixpanel-integration/AndroidManifest.xml:46:17-81
uses-permission#com.mixpanel.example.hello.permission.C2D_MESSAGE
ADDED from MixPanel-Shit/sample-android-mixpanel-integration/AndroidManifest.xml:47:5-89
	android:name
		ADDED from MixPanel-Shit/sample-android-mixpanel-integration/AndroidManifest.xml:47:22-86
application
ADDED from MixPanel-Shit/sample-android-mixpanel-integration/AndroidManifest.xml:49:5-111:19
MERGED from [com.google.android.gms:play-services-gcm:10.0.1] AndroidManifest.xml:23:5-19
MERGED from [com.google.android.gms:play-services-gcm:10.0.1] AndroidManifest.xml:23:5-19
MERGED from [com.mixpanel.android:mixpanel-android:5.4.0] AndroidManifest.xml:36:5-106:19
MERGED from [com.mixpanel.android:mixpanel-android:5.4.0] AndroidManifest.xml:36:5-106:19
MERGED from [com.google.android.gms:play-services-iid:10.0.1] AndroidManifest.xml:23:5-19
MERGED from [com.google.android.gms:play-services-iid:10.0.1] AndroidManifest.xml:23:5-19
MERGED from [com.google.android.gms:play-services-base:10.0.1] AndroidManifest.xml:18:5-20:19
MERGED from [com.google.android.gms:play-services-base:10.0.1] AndroidManifest.xml:18:5-20:19
MERGED from [com.google.android.gms:play-services-tasks:10.0.1] AndroidManifest.xml:4:5-19
MERGED from [com.google.android.gms:play-services-tasks:10.0.1] AndroidManifest.xml:4:5-19
MERGED from [com.google.android.gms:play-services-basement:10.0.1] AndroidManifest.xml:19:5-21:19
MERGED from [com.google.android.gms:play-services-basement:10.0.1] AndroidManifest.xml:19:5-21:19
MERGED from [com.android.support:support-v4:24.0.0] AndroidManifest.xml:25:5-20
MERGED from [com.android.support:support-v4:24.0.0] AndroidManifest.xml:25:5-20
	android:label
		ADDED from MixPanel-Shit/sample-android-mixpanel-integration/AndroidManifest.xml:52:9-41
	android:icon
		ADDED from MixPanel-Shit/sample-android-mixpanel-integration/AndroidManifest.xml:51:9-45
	android:allowBackup
		ADDED from MixPanel-Shit/sample-android-mixpanel-integration/AndroidManifest.xml:50:9-35
	android:theme
		ADDED from MixPanel-Shit/sample-android-mixpanel-integration/AndroidManifest.xml:53:9-40
meta-data#com.mixpanel.android.MPConfig.DisableFallback
ADDED from MixPanel-Shit/sample-android-mixpanel-integration/AndroidManifest.xml:57:9-58:40
	android:value
		ADDED from MixPanel-Shit/sample-android-mixpanel-integration/AndroidManifest.xml:58:16-37
	android:name
		ADDED from MixPanel-Shit/sample-android-mixpanel-integration/AndroidManifest.xml:57:20-80
meta-data#com.mixpanel.android.MPConfig.AutoShowMixpanelUpdates
ADDED from MixPanel-Shit/sample-android-mixpanel-integration/AndroidManifest.xml:63:9-64:40
	android:value
		ADDED from MixPanel-Shit/sample-android-mixpanel-integration/AndroidManifest.xml:64:16-37
	android:name
		ADDED from MixPanel-Shit/sample-android-mixpanel-integration/AndroidManifest.xml:63:20-88
meta-data#com.mixpanel.android.MPConfig.TestMode
ADDED from MixPanel-Shit/sample-android-mixpanel-integration/AndroidManifest.xml:70:9-71:36
	android:value
		ADDED from MixPanel-Shit/sample-android-mixpanel-integration/AndroidManifest.xml:71:13-33
	android:name
		ADDED from MixPanel-Shit/sample-android-mixpanel-integration/AndroidManifest.xml:70:20-73
meta-data#com.mixpanel.android.MPConfig.EnableDebugLogging
ADDED from MixPanel-Shit/sample-android-mixpanel-integration/AndroidManifest.xml:76:9-77:36
	android:value
		ADDED from MixPanel-Shit/sample-android-mixpanel-integration/AndroidManifest.xml:77:13-33
	android:name
		ADDED from MixPanel-Shit/sample-android-mixpanel-integration/AndroidManifest.xml:76:20-83
activity#com.mixpanel.example.hello.MainActivity
ADDED from MixPanel-Shit/sample-android-mixpanel-integration/AndroidManifest.xml:79:9-86:20
	android:label
		ADDED from MixPanel-Shit/sample-android-mixpanel-integration/AndroidManifest.xml:81:13-56
	android:name
		ADDED from MixPanel-Shit/sample-android-mixpanel-integration/AndroidManifest.xml:80:13-41
intent-filter#action:name:android.intent.action.MAIN+category:name:android.intent.category.LAUNCHER
ADDED from MixPanel-Shit/sample-android-mixpanel-integration/AndroidManifest.xml:82:13-85:29
action#android.intent.action.MAIN
ADDED from MixPanel-Shit/sample-android-mixpanel-integration/AndroidManifest.xml:83:17-69
	android:name
		ADDED from MixPanel-Shit/sample-android-mixpanel-integration/AndroidManifest.xml:83:25-66
category#android.intent.category.LAUNCHER
ADDED from MixPanel-Shit/sample-android-mixpanel-integration/AndroidManifest.xml:84:17-77
	android:name
		ADDED from MixPanel-Shit/sample-android-mixpanel-integration/AndroidManifest.xml:84:27-74
activity#com.mixpanel.android.takeoverinapp.TakeoverInAppActivity
ADDED from MixPanel-Shit/sample-android-mixpanel-integration/AndroidManifest.xml:91:9-92:91
	android:theme
		ADDED from MixPanel-Shit/sample-android-mixpanel-integration/AndroidManifest.xml:92:19-89
	android:name
		ADDED from MixPanel-Shit/sample-android-mixpanel-integration/AndroidManifest.xml:91:19-90
receiver#com.mixpanel.android.mpmetrics.GCMReceiver
ADDED from MixPanel-Shit/sample-android-mixpanel-integration/AndroidManifest.xml:95:9-102:20
	android:permission
		ADDED from MixPanel-Shit/sample-android-mixpanel-integration/AndroidManifest.xml:96:13-73
	android:name
		ADDED from MixPanel-Shit/sample-android-mixpanel-integration/AndroidManifest.xml:95:19-76
intent-filter#action:name:com.google.android.c2dm.intent.RECEIVE+action:name:com.google.android.c2dm.intent.REGISTRATION+category:name:com.mixpanel.example.hello
ADDED from MixPanel-Shit/sample-android-mixpanel-integration/AndroidManifest.xml:97:13-101:28
action#com.google.android.c2dm.intent.RECEIVE
ADDED from MixPanel-Shit/sample-android-mixpanel-integration/AndroidManifest.xml:98:17-81
	android:name
		ADDED from MixPanel-Shit/sample-android-mixpanel-integration/AndroidManifest.xml:98:25-78
action#com.google.android.c2dm.intent.REGISTRATION
ADDED from MixPanel-Shit/sample-android-mixpanel-integration/AndroidManifest.xml:99:17-86
	android:name
		ADDED from MixPanel-Shit/sample-android-mixpanel-integration/AndroidManifest.xml:99:25-83
category#com.mixpanel.example.hello
ADDED from MixPanel-Shit/sample-android-mixpanel-integration/AndroidManifest.xml:100:17-71
	android:name
		ADDED from MixPanel-Shit/sample-android-mixpanel-integration/AndroidManifest.xml:100:27-68
receiver#com.mixpanel.android.mpmetrics.InstallReferrerReceiver
ADDED from MixPanel-Shit/sample-android-mixpanel-integration/AndroidManifest.xml:105:9-109:20
	android:exported
		ADDED from MixPanel-Shit/sample-android-mixpanel-integration/AndroidManifest.xml:105:89-112
	android:name
		ADDED from MixPanel-Shit/sample-android-mixpanel-integration/AndroidManifest.xml:105:19-88
intent-filter#action:name:com.android.vending.INSTALL_REFERRER
ADDED from MixPanel-Shit/sample-android-mixpanel-integration/AndroidManifest.xml:106:13-108:29
action#com.android.vending.INSTALL_REFERRER
ADDED from MixPanel-Shit/sample-android-mixpanel-integration/AndroidManifest.xml:107:17-79
	android:name
		ADDED from MixPanel-Shit/sample-android-mixpanel-integration/AndroidManifest.xml:107:25-76
uses-sdk
INJECTED from MixPanel-Shit/sample-android-mixpanel-integration/AndroidManifest.xml reason: use-sdk injection requested
INJECTED from MixPanel-Shit/sample-android-mixpanel-integration/AndroidManifest.xml
INJECTED from MixPanel-Shit/sample-android-mixpanel-integration/AndroidManifest.xml
MERGED from [com.google.android.gms:play-services-gcm:10.0.1] AndroidManifest.xml:17:5-42
MERGED from [com.google.android.gms:play-services-gcm:10.0.1] AndroidManifest.xml:17:5-42
MERGED from [com.mixpanel.android:mixpanel-android:5.4.0] AndroidManifest.xml:5:5-7:41
MERGED from [com.mixpanel.android:mixpanel-android:5.4.0] AndroidManifest.xml:5:5-7:41
MERGED from [com.google.android.gms:play-services-iid:10.0.1] AndroidManifest.xml:17:5-42
MERGED from [com.google.android.gms:play-services-iid:10.0.1] AndroidManifest.xml:17:5-42
MERGED from [com.google.android.gms:play-services-base:10.0.1] AndroidManifest.xml:17:5-42
MERGED from [com.google.android.gms:play-services-base:10.0.1] AndroidManifest.xml:17:5-42
MERGED from [com.google.android.gms:play-services-tasks:10.0.1] AndroidManifest.xml:3:5-42
MERGED from [com.google.android.gms:play-services-tasks:10.0.1] AndroidManifest.xml:3:5-42
MERGED from [com.google.android.gms:play-services-basement:10.0.1] AndroidManifest.xml:17:5-42
MERGED from [com.google.android.gms:play-services-basement:10.0.1] AndroidManifest.xml:17:5-42
MERGED from [com.android.support:support-v4:24.0.0] AndroidManifest.xml:21:5-23:54
MERGED from [com.android.support:support-v4:24.0.0] AndroidManifest.xml:21:5-23:54
INJECTED from MixPanel-Shit/sample-android-mixpanel-integration/AndroidManifest.xml
INJECTED from MixPanel-Shit/sample-android-mixpanel-integration/AndroidManifest.xml
	tools:overrideLibrary
		ADDED from [com.android.support:support-v4:24.0.0] AndroidManifest.xml:23:9-51
	android:targetSdkVersion
		INJECTED from MixPanel-Shit/sample-android-mixpanel-integration/AndroidManifest.xml
		ADDED from MixPanel-Shit/sample-android-mixpanel-integration/AndroidManifest.xml
		INJECTED from MixPanel-Shit/sample-android-mixpanel-integration/AndroidManifest.xml
	android:minSdkVersion
		INJECTED from MixPanel-Shit/sample-android-mixpanel-integration/AndroidManifest.xml
		ADDED from MixPanel-Shit/sample-android-mixpanel-integration/AndroidManifest.xml
		INJECTED from MixPanel-Shit/sample-android-mixpanel-integration/AndroidManifest.xml
activity#com.google.android.gms.common.api.GoogleApiActivity
ADDED from [com.google.android.gms:play-services-base:10.0.1] AndroidManifest.xml:19:9-172
	android:exported
		ADDED from [com.google.android.gms:play-services-base:10.0.1] AndroidManifest.xml:19:146-170
	android:theme
		ADDED from [com.google.android.gms:play-services-base:10.0.1] AndroidManifest.xml:19:86-145
	android:name
		ADDED from [com.google.android.gms:play-services-base:10.0.1] AndroidManifest.xml:19:19-85
meta-data#com.google.android.gms.version
ADDED from [com.google.android.gms:play-services-basement:10.0.1] AndroidManifest.xml:20:9-121
	android:value
		ADDED from [com.google.android.gms:play-services-basement:10.0.1] AndroidManifest.xml:20:66-119
	android:name
		ADDED from [com.google.android.gms:play-services-basement:10.0.1] AndroidManifest.xml:20:20-65